  3.1 Cyclopeptide Sequencing Problem.cpp
d:\bioinformatics\3.1 cyclopeptide sequencing problem\3.1 cyclopeptide sequencing problem\3.1 cyclopeptide sequencing problem.cpp(18): warning C4018: <: несоответствие типов со знаком и без знака
d:\bioinformatics\3.1 cyclopeptide sequencing problem\3.1 cyclopeptide sequencing problem\3.1 cyclopeptide sequencing problem.cpp(26): warning C4018: <: несоответствие типов со знаком и без знака
d:\bioinformatics\3.1 cyclopeptide sequencing problem\3.1 cyclopeptide sequencing problem\3.1 cyclopeptide sequencing problem.cpp(28): warning C4018: <: несоответствие типов со знаком и без знака
d:\bioinformatics\3.1 cyclopeptide sequencing problem\3.1 cyclopeptide sequencing problem\3.1 cyclopeptide sequencing problem.cpp(47): warning C4018: <: несоответствие типов со знаком и без знака
d:\bioinformatics\3.1 cyclopeptide sequencing problem\3.1 cyclopeptide sequencing problem\3.1 cyclopeptide sequencing problem.cpp(49): warning C4018: <: несоответствие типов со знаком и без знака
d:\bioinformatics\3.1 cyclopeptide sequencing problem\3.1 cyclopeptide sequencing problem\3.1 cyclopeptide sequencing problem.cpp(51): warning C4018: >=: несоответствие типов со знаком и без знака
d:\bioinformatics\3.1 cyclopeptide sequencing problem\3.1 cyclopeptide sequencing problem\3.1 cyclopeptide sequencing problem.cpp(67): warning C4018: <: несоответствие типов со знаком и без знака
d:\bioinformatics\3.1 cyclopeptide sequencing problem\3.1 cyclopeptide sequencing problem\3.1 cyclopeptide sequencing problem.cpp(87): warning C4018: <=: несоответствие типов со знаком и без знака
d:\bioinformatics\3.1 cyclopeptide sequencing problem\3.1 cyclopeptide sequencing problem\3.1 cyclopeptide sequencing problem.cpp(99): warning C4018: <: несоответствие типов со знаком и без знака
d:\bioinformatics\3.1 cyclopeptide sequencing problem\3.1 cyclopeptide sequencing problem\3.1 cyclopeptide sequencing problem.cpp(101): warning C4018: <: несоответствие типов со знаком и без знака
d:\bioinformatics\3.1 cyclopeptide sequencing problem\3.1 cyclopeptide sequencing problem\3.1 cyclopeptide sequencing problem.cpp(103): warning C4018: >=: несоответствие типов со знаком и без знака
d:\bioinformatics\3.1 cyclopeptide sequencing problem\3.1 cyclopeptide sequencing problem\3.1 cyclopeptide sequencing problem.cpp(119): warning C4018: <: несоответствие типов со знаком и без знака
d:\bioinformatics\3.1 cyclopeptide sequencing problem\3.1 cyclopeptide sequencing problem\3.1 cyclopeptide sequencing problem.cpp(135): warning C4018: <: несоответствие типов со знаком и без знака
d:\bioinformatics\3.1 cyclopeptide sequencing problem\3.1 cyclopeptide sequencing problem\3.1 cyclopeptide sequencing problem.cpp(164): warning C4018: <: несоответствие типов со знаком и без знака
d:\bioinformatics\3.1 cyclopeptide sequencing problem\3.1 cyclopeptide sequencing problem\3.1 cyclopeptide sequencing problem.cpp(166): warning C4018: <: несоответствие типов со знаком и без знака
d:\bioinformatics\3.1 cyclopeptide sequencing problem\3.1 cyclopeptide sequencing problem\3.1 cyclopeptide sequencing problem.cpp(196): warning C4018: <: несоответствие типов со знаком и без знака
d:\bioinformatics\3.1 cyclopeptide sequencing problem\3.1 cyclopeptide sequencing problem\3.1 cyclopeptide sequencing problem.cpp(220): warning C4018: <: несоответствие типов со знаком и без знака
d:\bioinformatics\3.1 cyclopeptide sequencing problem\3.1 cyclopeptide sequencing problem\3.1 cyclopeptide sequencing problem.cpp(224): warning C4018: <: несоответствие типов со знаком и без знака
  3.1 Cyclopeptide Sequencing Problem.vcxproj -> D:\Bioinformatics\3.1 Cyclopeptide Sequencing Problem\Debug\3.1 Cyclopeptide Sequencing Problem.exe
